2011/06/08 14:55:23 [error] [exception.CException] exception 'CException' with message 'CAssetManager.basePath "/Users/dennis/htdocs/yii/demos/blog/assets" is invalid. Please make sure the directory exists and is writable by the Web server process.' in /Users/dennis/htdocs/yii/framework/web/CAssetManager.php:98
Stack trace:
#0 /Users/dennis/htdocs/yii/framework/web/CAssetManager.php(83): CAssetManager->setBasePath('/Users/dennis/h...')
#1 /Users/dennis/htdocs/yii/framework/web/CAssetManager.php(192): CAssetManager->getBasePath()
#2 /Users/dennis/htdocs/yii/framework/zii/widgets/CListView.php(173): CAssetManager->publish('/Users/dennis/h...')
#3 /Users/dennis/htdocs/yii/framework/web/CBaseController.php(140): CListView->init()
#4 /Users/dennis/htdocs/yii/framework/web/CBaseController.php(165): CBaseController->createWidget('zii.widgets.CLi...', Array)
#5 /Users/dennis/htdocs/yii/demos/blog/protected/views/post/index.php(9): CBaseController->widget('zii.widgets.CLi...', Array)
#6 /Users/dennis/htdocs/yii/framework/web/CBaseController.php(119): require('/Users/dennis/h...')
#7 /Users/dennis/htdocs/yii/framework/web/CBaseController.php(88): CBaseController->renderInternal('/Users/dennis/h...', Array, true)
#8 /Users/dennis/htdocs/yii/framework/web/CController.php(866): CBaseController->renderFile('/Users/dennis/h...', Array, true)
#9 /Users/dennis/htdocs/yii/framework/web/CController.php(779): CController->renderPartial('index', Array, true)
#10 /Users/dennis/htdocs/yii/demos/blog/protected/controllers/PostController.php(136): CController->render('index', Array)
#11 /Users/dennis/htdocs/yii/framework/web/actions/CInlineAction.php(50): PostController->actionIndex()
#12 /Users/dennis/htdocs/yii/framework/web/CController.php(300): CInlineAction->runWithParams(Array)
#13 /Users/dennis/htdocs/yii/framework/web/filters/CFilterChain.php(133): CController->runAction(Object(CInlineAction))
#14 /Users/dennis/htdocs/yii/framework/web/filters/CFilter.php(41): CFilterChain->run()
#15 /Users/dennis/htdocs/yii/framework/web/CController.php(1122): CFilter->filter(Object(CFilterChain))
#16 /Users/dennis/htdocs/yii/framework/web/filters/CInlineFilter.php(59): CController->filterAccessControl(Object(CFilterChain))
#17 /Users/dennis/htdocs/yii/framework/web/filters/CFilterChain.php(130): CInlineFilter->filter(Object(CFilterChain))
#18 /Users/dennis/htdocs/yii/framework/web/CController.php(283): CFilterChain->run()
#19 /Users/dennis/htdocs/yii/framework/web/CController.php(257): CController->runActionWithFilters(Object(CInlineAction), Array)
#20 /Users/dennis/htdocs/yii/framework/web/CWebApplication.php(328): CController->run('')
#21 /Users/dennis/htdocs/yii/framework/web/CWebApplication.php(121): CWebApplication->runController('')
#22 /Users/dennis/htdocs/yii/framework/base/CApplication.php(155): CWebApplication->processRequest()
#23 /Users/dennis/htdocs/yii/demos/blog/index.php(11): CApplication->run()
#24 {main} REQUEST_URI=/demos/blog/
2011/06/08 14:55:55 [error] [exception.CException] exception 'CException' with message 'CAssetManager.basePath "/Users/dennis/htdocs/yii/demos/blog/assets" is invalid. Please make sure the directory exists and is writable by the Web server process.' in /Users/dennis/htdocs/yii/framework/web/CAssetManager.php:98
Stack trace:
#0 /Users/dennis/htdocs/yii/framework/web/CAssetManager.php(83): CAssetManager->setBasePath('/Users/dennis/h...')
#1 /Users/dennis/htdocs/yii/framework/web/CAssetManager.php(192): CAssetManager->getBasePath()
#2 /Users/dennis/htdocs/yii/framework/zii/widgets/CListView.php(173): CAssetManager->publish('/Users/dennis/h...')
#3 /Users/dennis/htdocs/yii/framework/web/CBaseController.php(140): CListView->init()
#4 /Users/dennis/htdocs/yii/framework/web/CBaseController.php(165): CBaseController->createWidget('zii.widgets.CLi...', Array)
#5 /Users/dennis/htdocs/yii/demos/blog/protected/views/post/index.php(9): CBaseController->widget('zii.widgets.CLi...', Array)
#6 /Users/dennis/htdocs/yii/framework/web/CBaseController.php(119): require('/Users/dennis/h...')
#7 /Users/dennis/htdocs/yii/framework/web/CBaseController.php(88): CBaseController->renderInternal('/Users/dennis/h...', Array, true)
#8 /Users/dennis/htdocs/yii/framework/web/CController.php(866): CBaseController->renderFile('/Users/dennis/h...', Array, true)
#9 /Users/dennis/htdocs/yii/framework/web/CController.php(779): CController->renderPartial('index', Array, true)
#10 /Users/dennis/htdocs/yii/demos/blog/protected/controllers/PostController.php(136): CController->render('index', Array)
#11 /Users/dennis/htdocs/yii/framework/web/actions/CInlineAction.php(50): PostController->actionIndex()
#12 /Users/dennis/htdocs/yii/framework/web/CController.php(300): CInlineAction->runWithParams(Array)
#13 /Users/dennis/htdocs/yii/framework/web/filters/CFilterChain.php(133): CController->runAction(Object(CInlineAction))
#14 /Users/dennis/htdocs/yii/framework/web/filters/CFilter.php(41): CFilterChain->run()
#15 /Users/dennis/htdocs/yii/framework/web/CController.php(1122): CFilter->filter(Object(CFilterChain))
#16 /Users/dennis/htdocs/yii/framework/web/filters/CInlineFilter.php(59): CController->filterAccessControl(Object(CFilterChain))
#17 /Users/dennis/htdocs/yii/framework/web/filters/CFilterChain.php(130): CInlineFilter->filter(Object(CFilterChain))
#18 /Users/dennis/htdocs/yii/framework/web/CController.php(283): CFilterChain->run()
#19 /Users/dennis/htdocs/yii/framework/web/CController.php(257): CController->runActionWithFilters(Object(CInlineAction), Array)
#20 /Users/dennis/htdocs/yii/framework/web/CWebApplication.php(328): CController->run('')
#21 /Users/dennis/htdocs/yii/framework/web/CWebApplication.php(121): CWebApplication->runController('')
#22 /Users/dennis/htdocs/yii/framework/base/CApplication.php(155): CWebApplication->processRequest()
#23 /Users/dennis/htdocs/yii/demos/blog/index.php(11): CApplication->run()
#24 {main} REQUEST_URI=/demos/blog/
